2018-11-26 11:00:01,014 ERROR 13148 [-/::1/-/61ms POST /addOrder] nodejs.TokenExpiredError: jwt expired
    at C:\Users\linge l yu\Desktop\egg-example\node_modules\jsonwebtoken\verify.js:141:21
    at getSecret (C:\Users\linge l yu\Desktop\egg-example\node_modules\jsonwebtoken\verify.js:76:14)
    at Object.module.exports [as verify] (C:\Users\linge l yu\Desktop\egg-example\node_modules\jsonwebtoken\verify.js:80:10)
    at User.addUser (C:\Users\linge l yu\Desktop\egg-example\app\service\order.js:17:31)
    at Order.addOrder (C:\Users\linge l yu\Desktop\egg-example\app\controller\order.js:11:49)
    at Object.callFn (C:\Users\linge l yu\Desktop\egg-example\node_modules\egg-core\lib\utils\index.js:36:21)
    at Object.classControllerMiddleware (C:\Users\linge l yu\Desktop\egg-example\node_modules\egg-core\lib\loader\mixin\controller.js:87:20)
    at Object.callFn (C:\Users\linge l yu\Desktop\egg-example\node_modules\egg-core\lib\utils\index.js:36:21)
    at wrappedController (C:\Users\linge l yu\Desktop\egg-example\node_modules\egg-core\lib\utils\router.js:322:18)
    at dispatch (C:\Users\linge l yu\Desktop\egg-example\node_modules\koa-router\node_modules\koa-compose\index.js:44:32)
    at next (C:\Users\linge l yu\Desktop\egg-example\node_modules\koa-router\node_modules\koa-compose\index.js:45:18)
    at C:\Users\linge l yu\Desktop\egg-example\app\middleware\isParmas.js:16:19
    at dispatch (C:\Users\linge l yu\Desktop\egg-example\node_modules\koa-router\node_modules\koa-compose\index.js:44:32)
    at next (C:\Users\linge l yu\Desktop\egg-example\node_modules\koa-router\node_modules\koa-compose\index.js:45:18)
    at C:\Users\linge l yu\Desktop\egg-example\node_modules\koa-router\lib\router.js:346:16
    at dispatch (C:\Users\linge l yu\Desktop\egg-example\node_modules\koa-router\node_modules\koa-compose\index.js:44:32)
name: "TokenExpiredError"
message: "jwt expired"
expiredAt: "2018-11-23T11:42:32.000Z"
headers: {"Access-Control-Allow-Origin":"*","Access-Control-Allow-Credentials":"true"}
pid: 13148
hostname: LYU129PRI2

2018-11-26 11:10:13,261 ERROR 15088 [-/::1/-/51ms POST /addOrder] nodejs.ReferenceError: keys is not defined
    at Order.addOrder (C:\Users\linge l yu\Desktop\egg-example\app\controller\order.js:12:49)
    at Object.callFn (C:\Users\linge l yu\Desktop\egg-example\node_modules\egg-core\lib\utils\index.js:36:21)
    at Object.classControllerMiddleware (C:\Users\linge l yu\Desktop\egg-example\node_modules\egg-core\lib\loader\mixin\controller.js:87:20)
    at Object.callFn (C:\Users\linge l yu\Desktop\egg-example\node_modules\egg-core\lib\utils\index.js:36:21)
    at wrappedController (C:\Users\linge l yu\Desktop\egg-example\node_modules\egg-core\lib\utils\router.js:322:18)
    at dispatch (C:\Users\linge l yu\Desktop\egg-example\node_modules\koa-router\node_modules\koa-compose\index.js:44:32)
    at next (C:\Users\linge l yu\Desktop\egg-example\node_modules\koa-router\node_modules\koa-compose\index.js:45:18)
    at C:\Users\linge l yu\Desktop\egg-example\app\middleware\isParmas.js:16:19
    at dispatch (C:\Users\linge l yu\Desktop\egg-example\node_modules\koa-router\node_modules\koa-compose\index.js:44:32)
    at next (C:\Users\linge l yu\Desktop\egg-example\node_modules\koa-router\node_modules\koa-compose\index.js:45:18)
    at C:\Users\linge l yu\Desktop\egg-example\node_modules\koa-router\lib\router.js:346:16
    at dispatch (C:\Users\linge l yu\Desktop\egg-example\node_modules\koa-router\node_modules\koa-compose\index.js:44:32)
    at C:\Users\linge l yu\Desktop\egg-example\node_modules\koa-router\node_modules\koa-compose\index.js:36:12
    at dispatch (C:\Users\linge l yu\Desktop\egg-example\node_modules\koa-router\lib\router.js:351:31)
    at dispatch (C:\Users\linge l yu\Desktop\egg-example\node_modules\koa-compose\index.js:42:32)
    at C:\Users\linge l yu\Desktop\egg-example\node_modules\egg-development\app\middleware\egg_loader_trace.js:9:56
headers: {"Access-Control-Allow-Origin":"*","Access-Control-Allow-Credentials":"true"}
pid: 15088
hostname: LYU129PRI2

2018-11-26 11:10:29,059 ERROR 15088 [-/::1/-/3ms POST /addOrder] nodejs.ReferenceError: keys is not defined
    at Order.addOrder (C:\Users\linge l yu\Desktop\egg-example\app\controller\order.js:12:49)
    at Object.callFn (C:\Users\linge l yu\Desktop\egg-example\node_modules\egg-core\lib\utils\index.js:36:21)
    at Object.classControllerMiddleware (C:\Users\linge l yu\Desktop\egg-example\node_modules\egg-core\lib\loader\mixin\controller.js:87:20)
    at Object.callFn (C:\Users\linge l yu\Desktop\egg-example\node_modules\egg-core\lib\utils\index.js:36:21)
    at wrappedController (C:\Users\linge l yu\Desktop\egg-example\node_modules\egg-core\lib\utils\router.js:322:18)
    at dispatch (C:\Users\linge l yu\Desktop\egg-example\node_modules\koa-router\node_modules\koa-compose\index.js:44:32)
    at next (C:\Users\linge l yu\Desktop\egg-example\node_modules\koa-router\node_modules\koa-compose\index.js:45:18)
    at C:\Users\linge l yu\Desktop\egg-example\app\middleware\isParmas.js:16:19
    at dispatch (C:\Users\linge l yu\Desktop\egg-example\node_modules\koa-router\node_modules\koa-compose\index.js:44:32)
    at next (C:\Users\linge l yu\Desktop\egg-example\node_modules\koa-router\node_modules\koa-compose\index.js:45:18)
    at C:\Users\linge l yu\Desktop\egg-example\node_modules\koa-router\lib\router.js:346:16
    at dispatch (C:\Users\linge l yu\Desktop\egg-example\node_modules\koa-router\node_modules\koa-compose\index.js:44:32)
    at C:\Users\linge l yu\Desktop\egg-example\node_modules\koa-router\node_modules\koa-compose\index.js:36:12
    at dispatch (C:\Users\linge l yu\Desktop\egg-example\node_modules\koa-router\lib\router.js:351:31)
    at dispatch (C:\Users\linge l yu\Desktop\egg-example\node_modules\koa-compose\index.js:42:32)
    at C:\Users\linge l yu\Desktop\egg-example\node_modules\egg-development\app\middleware\egg_loader_trace.js:9:56
headers: {"Access-Control-Allow-Origin":"*","Access-Control-Allow-Credentials":"true"}
pid: 15088
hostname: LYU129PRI2

2018-11-26 11:27:08,627 ERROR 12860 nodejs.unhandledExceptionError: read ECONNRESET
    at _errnoException (util.js:992:11)
    at TCP.onread (net.js:618:25)
code: "ECONNRESET"
errno: "ECONNRESET"
syscall: "read"
name: "unhandledExceptionError"
pid: 12860
hostname: LYU129PRI2

2018-11-26 11:27:15,665 ERROR 12860 nodejs.unhandledExceptionError: read ECONNRESET
    at _errnoException (util.js:992:11)
    at TCP.onread (net.js:618:25)
code: "ECONNRESET"
errno: "ECONNRESET"
syscall: "read"
name: "unhandledExceptionError"
pid: 12860
hostname: LYU129PRI2

2018-11-26 13:01:11,386 ERROR 13864 [-/::1/-/52ms POST /addOrder] nodejs.JsonWebTokenError: jwt must be a string
    at Object.module.exports [as verify] (C:\Users\linge l yu\Desktop\egg-example\node_modules\jsonwebtoken\verify.js:43:17)
    at Helper.jwtVerify (C:\Users\linge l yu\Desktop\egg-example\app\extend\helper.js:15:37)
    at C:\Users\linge l yu\Desktop\egg-example\app\middleware\isLogin.js:3:44
    at dispatch (C:\Users\linge l yu\Desktop\egg-example\node_modules\koa-router\node_modules\koa-compose\index.js:44:32)
    at next (C:\Users\linge l yu\Desktop\egg-example\node_modules\koa-router\node_modules\koa-compose\index.js:45:18)
    at C:\Users\linge l yu\Desktop\egg-example\node_modules\koa-router\lib\router.js:346:16
    at dispatch (C:\Users\linge l yu\Desktop\egg-example\node_modules\koa-router\node_modules\koa-compose\index.js:44:32)
    at C:\Users\linge l yu\Desktop\egg-example\node_modules\koa-router\node_modules\koa-compose\index.js:36:12
    at dispatch (C:\Users\linge l yu\Desktop\egg-example\node_modules\koa-router\lib\router.js:351:31)
    at dispatch (C:\Users\linge l yu\Desktop\egg-example\node_modules\koa-compose\index.js:42:32)
    at C:\Users\linge l yu\Desktop\egg-example\node_modules\egg-development\app\middleware\egg_loader_trace.js:9:56
    at dispatch (C:\Users\linge l yu\Desktop\egg-example\node_modules\koa-compose\index.js:42:32)
    at multipart (C:\Users\linge l yu\Desktop\egg-example\node_modules\egg-multipart\app\middleware\multipart.js:34:38)
    at dispatch (C:\Users\linge l yu\Desktop\egg-example\node_modules\koa-compose\index.js:42:32)
    at i18n (C:\Users\linge l yu\Desktop\egg-example\node_modules\egg-i18n\app\middleware\i18n.js:13:12)
    at dispatch (C:\Users\linge l yu\Desktop\egg-example\node_modules\koa-compose\index.js:42:32)
name: "JsonWebTokenError"
message: "jwt must be a string"
headers: {"Access-Control-Allow-Origin":"*","Access-Control-Allow-Credentials":"true"}
pid: 13864
hostname: LYU129PRI2

2018-11-26 13:04:34,710 ERROR 12628 [-/::1/-/64ms POST /addOrder] nodejs.JsonWebTokenError: jwt must be a string
    at Object.module.exports [as verify] (C:\Users\linge l yu\Desktop\egg-example\node_modules\jsonwebtoken\verify.js:43:17)
    at Helper.jwtVerify (C:\Users\linge l yu\Desktop\egg-example\app\extend\helper.js:15:37)
    at C:\Users\linge l yu\Desktop\egg-example\app\middleware\isLogin.js:3:44
    at dispatch (C:\Users\linge l yu\Desktop\egg-example\node_modules\koa-router\node_modules\koa-compose\index.js:44:32)
    at next (C:\Users\linge l yu\Desktop\egg-example\node_modules\koa-router\node_modules\koa-compose\index.js:45:18)
    at C:\Users\linge l yu\Desktop\egg-example\node_modules\koa-router\lib\router.js:346:16
    at dispatch (C:\Users\linge l yu\Desktop\egg-example\node_modules\koa-router\node_modules\koa-compose\index.js:44:32)
    at C:\Users\linge l yu\Desktop\egg-example\node_modules\koa-router\node_modules\koa-compose\index.js:36:12
    at dispatch (C:\Users\linge l yu\Desktop\egg-example\node_modules\koa-router\lib\router.js:351:31)
    at dispatch (C:\Users\linge l yu\Desktop\egg-example\node_modules\koa-compose\index.js:42:32)
    at C:\Users\linge l yu\Desktop\egg-example\node_modules\egg-development\app\middleware\egg_loader_trace.js:9:56
    at dispatch (C:\Users\linge l yu\Desktop\egg-example\node_modules\koa-compose\index.js:42:32)
    at multipart (C:\Users\linge l yu\Desktop\egg-example\node_modules\egg-multipart\app\middleware\multipart.js:34:38)
    at dispatch (C:\Users\linge l yu\Desktop\egg-example\node_modules\koa-compose\index.js:42:32)
    at i18n (C:\Users\linge l yu\Desktop\egg-example\node_modules\egg-i18n\app\middleware\i18n.js:13:12)
    at dispatch (C:\Users\linge l yu\Desktop\egg-example\node_modules\koa-compose\index.js:42:32)
name: "JsonWebTokenError"
message: "jwt must be a string"
headers: {"Access-Control-Allow-Origin":"*","Access-Control-Allow-Credentials":"true"}
pid: 12628
hostname: LYU129PRI2

2018-11-26 13:05:25,846 ERROR 11932 [-/::1/-/52ms POST /addOrder] nodejs.JsonWebTokenError: jwt must be a string
    at Object.module.exports [as verify] (C:\Users\linge l yu\Desktop\egg-example\node_modules\jsonwebtoken\verify.js:43:17)
    at Helper.jwtVerify (C:\Users\linge l yu\Desktop\egg-example\app\extend\helper.js:16:37)
    at C:\Users\linge l yu\Desktop\egg-example\app\middleware\isLogin.js:3:44
    at dispatch (C:\Users\linge l yu\Desktop\egg-example\node_modules\koa-router\node_modules\koa-compose\index.js:44:32)
    at next (C:\Users\linge l yu\Desktop\egg-example\node_modules\koa-router\node_modules\koa-compose\index.js:45:18)
    at C:\Users\linge l yu\Desktop\egg-example\node_modules\koa-router\lib\router.js:346:16
    at dispatch (C:\Users\linge l yu\Desktop\egg-example\node_modules\koa-router\node_modules\koa-compose\index.js:44:32)
    at C:\Users\linge l yu\Desktop\egg-example\node_modules\koa-router\node_modules\koa-compose\index.js:36:12
    at dispatch (C:\Users\linge l yu\Desktop\egg-example\node_modules\koa-router\lib\router.js:351:31)
    at dispatch (C:\Users\linge l yu\Desktop\egg-example\node_modules\koa-compose\index.js:42:32)
    at C:\Users\linge l yu\Desktop\egg-example\node_modules\egg-development\app\middleware\egg_loader_trace.js:9:56
    at dispatch (C:\Users\linge l yu\Desktop\egg-example\node_modules\koa-compose\index.js:42:32)
    at multipart (C:\Users\linge l yu\Desktop\egg-example\node_modules\egg-multipart\app\middleware\multipart.js:34:38)
    at dispatch (C:\Users\linge l yu\Desktop\egg-example\node_modules\koa-compose\index.js:42:32)
    at i18n (C:\Users\linge l yu\Desktop\egg-example\node_modules\egg-i18n\app\middleware\i18n.js:13:12)
    at dispatch (C:\Users\linge l yu\Desktop\egg-example\node_modules\koa-compose\index.js:42:32)
name: "JsonWebTokenError"
message: "jwt must be a string"
headers: {"Access-Control-Allow-Origin":"*","Access-Control-Allow-Credentials":"true"}
pid: 11932
hostname: LYU129PRI2

2018-11-26 13:06:37,011 ERROR 10816 [-/::1/-/51ms POST /addOrder] nodejs.TokenExpiredError: jwt expired
    at C:\Users\linge l yu\Desktop\egg-example\node_modules\jsonwebtoken\verify.js:141:21
    at getSecret (C:\Users\linge l yu\Desktop\egg-example\node_modules\jsonwebtoken\verify.js:76:14)
    at Object.module.exports [as verify] (C:\Users\linge l yu\Desktop\egg-example\node_modules\jsonwebtoken\verify.js:80:10)
    at Helper.jwtVerify (C:\Users\linge l yu\Desktop\egg-example\app\extend\helper.js:16:37)
    at C:\Users\linge l yu\Desktop\egg-example\app\middleware\isLogin.js:3:44
    at dispatch (C:\Users\linge l yu\Desktop\egg-example\node_modules\koa-router\node_modules\koa-compose\index.js:44:32)
    at next (C:\Users\linge l yu\Desktop\egg-example\node_modules\koa-router\node_modules\koa-compose\index.js:45:18)
    at C:\Users\linge l yu\Desktop\egg-example\node_modules\koa-router\lib\router.js:346:16
    at dispatch (C:\Users\linge l yu\Desktop\egg-example\node_modules\koa-router\node_modules\koa-compose\index.js:44:32)
    at C:\Users\linge l yu\Desktop\egg-example\node_modules\koa-router\node_modules\koa-compose\index.js:36:12
    at dispatch (C:\Users\linge l yu\Desktop\egg-example\node_modules\koa-router\lib\router.js:351:31)
    at dispatch (C:\Users\linge l yu\Desktop\egg-example\node_modules\koa-compose\index.js:42:32)
    at C:\Users\linge l yu\Desktop\egg-example\node_modules\egg-development\app\middleware\egg_loader_trace.js:9:56
    at dispatch (C:\Users\linge l yu\Desktop\egg-example\node_modules\koa-compose\index.js:42:32)
    at multipart (C:\Users\linge l yu\Desktop\egg-example\node_modules\egg-multipart\app\middleware\multipart.js:34:38)
    at dispatch (C:\Users\linge l yu\Desktop\egg-example\node_modules\koa-compose\index.js:42:32)
name: "TokenExpiredError"
message: "jwt expired"
expiredAt: "2018-11-26T04:00:20.000Z"
headers: {"Access-Control-Allow-Origin":"*","Access-Control-Allow-Credentials":"true"}
pid: 10816
hostname: LYU129PRI2

2018-11-26 13:10:45,902 ERROR 11076 [-/::1/-/56ms POST /addOrder] nodejs.TokenExpiredError: jwt expired
    at C:\Users\linge l yu\Desktop\egg-example\node_modules\jsonwebtoken\verify.js:141:21
    at getSecret (C:\Users\linge l yu\Desktop\egg-example\node_modules\jsonwebtoken\verify.js:76:14)
    at Object.module.exports [as verify] (C:\Users\linge l yu\Desktop\egg-example\node_modules\jsonwebtoken\verify.js:80:10)
    at Helper.jwtVerify (C:\Users\linge l yu\Desktop\egg-example\app\extend\helper.js:16:37)
    at C:\Users\linge l yu\Desktop\egg-example\app\middleware\isLogin.js:3:44
    at dispatch (C:\Users\linge l yu\Desktop\egg-example\node_modules\koa-router\node_modules\koa-compose\index.js:44:32)
    at next (C:\Users\linge l yu\Desktop\egg-example\node_modules\koa-router\node_modules\koa-compose\index.js:45:18)
    at C:\Users\linge l yu\Desktop\egg-example\node_modules\koa-router\lib\router.js:346:16
    at dispatch (C:\Users\linge l yu\Desktop\egg-example\node_modules\koa-router\node_modules\koa-compose\index.js:44:32)
    at C:\Users\linge l yu\Desktop\egg-example\node_modules\koa-router\node_modules\koa-compose\index.js:36:12
    at dispatch (C:\Users\linge l yu\Desktop\egg-example\node_modules\koa-router\lib\router.js:351:31)
    at dispatch (C:\Users\linge l yu\Desktop\egg-example\node_modules\koa-compose\index.js:42:32)
    at C:\Users\linge l yu\Desktop\egg-example\node_modules\egg-development\app\middleware\egg_loader_trace.js:9:56
    at dispatch (C:\Users\linge l yu\Desktop\egg-example\node_modules\koa-compose\index.js:42:32)
    at multipart (C:\Users\linge l yu\Desktop\egg-example\node_modules\egg-multipart\app\middleware\multipart.js:34:38)
    at dispatch (C:\Users\linge l yu\Desktop\egg-example\node_modules\koa-compose\index.js:42:32)
name: "TokenExpiredError"
message: "jwt expired"
expiredAt: "2018-11-26T04:00:20.000Z"
headers: {"Access-Control-Allow-Origin":"*","Access-Control-Allow-Credentials":"true"}
pid: 11076
hostname: LYU129PRI2

2018-11-26 16:17:03,782 ERROR 17256 [-/::1/-/53ms POST /addOrder] nodejs.TokenExpiredError: jwt expired
    at C:\Users\linge l yu\Desktop\egg-example\node_modules\jsonwebtoken\verify.js:141:21
    at getSecret (C:\Users\linge l yu\Desktop\egg-example\node_modules\jsonwebtoken\verify.js:76:14)
    at Object.module.exports [as verify] (C:\Users\linge l yu\Desktop\egg-example\node_modules\jsonwebtoken\verify.js:80:10)
    at Helper.jwtVerify (C:\Users\linge l yu\Desktop\egg-example\app\extend\helper.js:16:37)
    at C:\Users\linge l yu\Desktop\egg-example\app\middleware\isLogin.js:3:44
    at dispatch (C:\Users\linge l yu\Desktop\egg-example\node_modules\koa-router\node_modules\koa-compose\index.js:44:32)
    at next (C:\Users\linge l yu\Desktop\egg-example\node_modules\koa-router\node_modules\koa-compose\index.js:45:18)
    at C:\Users\linge l yu\Desktop\egg-example\node_modules\koa-router\lib\router.js:346:16
    at dispatch (C:\Users\linge l yu\Desktop\egg-example\node_modules\koa-router\node_modules\koa-compose\index.js:44:32)
    at C:\Users\linge l yu\Desktop\egg-example\node_modules\koa-router\node_modules\koa-compose\index.js:36:12
    at dispatch (C:\Users\linge l yu\Desktop\egg-example\node_modules\koa-router\lib\router.js:351:31)
    at dispatch (C:\Users\linge l yu\Desktop\egg-example\node_modules\koa-compose\index.js:42:32)
    at C:\Users\linge l yu\Desktop\egg-example\node_modules\egg-development\app\middleware\egg_loader_trace.js:9:56
    at dispatch (C:\Users\linge l yu\Desktop\egg-example\node_modules\koa-compose\index.js:42:32)
    at multipart (C:\Users\linge l yu\Desktop\egg-example\node_modules\egg-multipart\app\middleware\multipart.js:34:38)
    at dispatch (C:\Users\linge l yu\Desktop\egg-example\node_modules\koa-compose\index.js:42:32)
name: "TokenExpiredError"
message: "jwt expired"
expiredAt: "2018-11-26T04:00:20.000Z"
headers: {"Access-Control-Allow-Origin":"*","Access-Control-Allow-Credentials":"true"}
pid: 17256
hostname: LYU129PRI2

2018-11-26 16:18:35,272 ERROR 5380 [-/::1/-/51ms POST /addOrder] nodejs.TokenExpiredError: jwt expired
    at C:\Users\linge l yu\Desktop\egg-example\node_modules\jsonwebtoken\verify.js:141:21
    at getSecret (C:\Users\linge l yu\Desktop\egg-example\node_modules\jsonwebtoken\verify.js:76:14)
    at Object.module.exports [as verify] (C:\Users\linge l yu\Desktop\egg-example\node_modules\jsonwebtoken\verify.js:80:10)
    at Helper.jwtVerify (C:\Users\linge l yu\Desktop\egg-example\app\extend\helper.js:16:37)
    at C:\Users\linge l yu\Desktop\egg-example\app\middleware\isLogin.js:3:44
    at dispatch (C:\Users\linge l yu\Desktop\egg-example\node_modules\koa-router\node_modules\koa-compose\index.js:44:32)
    at next (C:\Users\linge l yu\Desktop\egg-example\node_modules\koa-router\node_modules\koa-compose\index.js:45:18)
    at C:\Users\linge l yu\Desktop\egg-example\node_modules\koa-router\lib\router.js:346:16
    at dispatch (C:\Users\linge l yu\Desktop\egg-example\node_modules\koa-router\node_modules\koa-compose\index.js:44:32)
    at C:\Users\linge l yu\Desktop\egg-example\node_modules\koa-router\node_modules\koa-compose\index.js:36:12
    at dispatch (C:\Users\linge l yu\Desktop\egg-example\node_modules\koa-router\lib\router.js:351:31)
    at dispatch (C:\Users\linge l yu\Desktop\egg-example\node_modules\koa-compose\index.js:42:32)
    at C:\Users\linge l yu\Desktop\egg-example\node_modules\egg-development\app\middleware\egg_loader_trace.js:9:56
    at dispatch (C:\Users\linge l yu\Desktop\egg-example\node_modules\koa-compose\index.js:42:32)
    at multipart (C:\Users\linge l yu\Desktop\egg-example\node_modules\egg-multipart\app\middleware\multipart.js:34:38)
    at dispatch (C:\Users\linge l yu\Desktop\egg-example\node_modules\koa-compose\index.js:42:32)
name: "TokenExpiredError"
message: "jwt expired"
expiredAt: "2018-11-26T04:00:20.000Z"
headers: {"Access-Control-Allow-Origin":"*","Access-Control-Allow-Credentials":"true"}
pid: 5380
hostname: LYU129PRI2

2018-11-26 16:21:05,855 ERROR 9432 [-/::1/-/53ms POST /addOrder] nodejs.JsonWebTokenError: jwt must be provided
    at Object.module.exports [as verify] (C:\Users\linge l yu\Desktop\egg-example\node_modules\jsonwebtoken\verify.js:39:17)
    at Helper.jwtVerify (C:\Users\linge l yu\Desktop\egg-example\app\extend\helper.js:16:37)
    at Order.addOrder (C:\Users\linge l yu\Desktop\egg-example\app\controller\order.js:12:48)
    at Object.callFn (C:\Users\linge l yu\Desktop\egg-example\node_modules\egg-core\lib\utils\index.js:36:21)
    at Object.classControllerMiddleware (C:\Users\linge l yu\Desktop\egg-example\node_modules\egg-core\lib\loader\mixin\controller.js:87:20)
    at Object.callFn (C:\Users\linge l yu\Desktop\egg-example\node_modules\egg-core\lib\utils\index.js:36:21)
    at wrappedController (C:\Users\linge l yu\Desktop\egg-example\node_modules\egg-core\lib\utils\router.js:322:18)
    at dispatch (C:\Users\linge l yu\Desktop\egg-example\node_modules\koa-router\node_modules\koa-compose\index.js:44:32)
    at next (C:\Users\linge l yu\Desktop\egg-example\node_modules\koa-router\node_modules\koa-compose\index.js:45:18)
    at C:\Users\linge l yu\Desktop\egg-example\app\middleware\isParmas.js:16:19
    at dispatch (C:\Users\linge l yu\Desktop\egg-example\node_modules\koa-router\node_modules\koa-compose\index.js:44:32)
    at next (C:\Users\linge l yu\Desktop\egg-example\node_modules\koa-router\node_modules\koa-compose\index.js:45:18)
    at C:\Users\linge l yu\Desktop\egg-example\node_modules\koa-router\lib\router.js:346:16
    at dispatch (C:\Users\linge l yu\Desktop\egg-example\node_modules\koa-router\node_modules\koa-compose\index.js:44:32)
    at C:\Users\linge l yu\Desktop\egg-example\node_modules\koa-router\node_modules\koa-compose\index.js:36:12
    at dispatch (C:\Users\linge l yu\Desktop\egg-example\node_modules\koa-router\lib\router.js:351:31)
name: "JsonWebTokenError"
message: "jwt must be provided"
headers: {"Access-Control-Allow-Origin":"*","Access-Control-Allow-Credentials":"true"}
pid: 9432
hostname: LYU129PRI2

2018-11-26 16:22:16,219 ERROR 12604 [-/::1/-/50ms POST /addOrder] nodejs.JsonWebTokenError: jwt must be provided
    at Object.module.exports [as verify] (C:\Users\linge l yu\Desktop\egg-example\node_modules\jsonwebtoken\verify.js:39:17)
    at Helper.jwtVerify (C:\Users\linge l yu\Desktop\egg-example\app\extend\helper.js:15:37)
    at Order.addOrder (C:\Users\linge l yu\Desktop\egg-example\app\controller\order.js:12:48)
    at Object.callFn (C:\Users\linge l yu\Desktop\egg-example\node_modules\egg-core\lib\utils\index.js:36:21)
    at Object.classControllerMiddleware (C:\Users\linge l yu\Desktop\egg-example\node_modules\egg-core\lib\loader\mixin\controller.js:87:20)
    at Object.callFn (C:\Users\linge l yu\Desktop\egg-example\node_modules\egg-core\lib\utils\index.js:36:21)
    at wrappedController (C:\Users\linge l yu\Desktop\egg-example\node_modules\egg-core\lib\utils\router.js:322:18)
    at dispatch (C:\Users\linge l yu\Desktop\egg-example\node_modules\koa-router\node_modules\koa-compose\index.js:44:32)
    at next (C:\Users\linge l yu\Desktop\egg-example\node_modules\koa-router\node_modules\koa-compose\index.js:45:18)
    at C:\Users\linge l yu\Desktop\egg-example\app\middleware\isParmas.js:16:19
    at dispatch (C:\Users\linge l yu\Desktop\egg-example\node_modules\koa-router\node_modules\koa-compose\index.js:44:32)
    at next (C:\Users\linge l yu\Desktop\egg-example\node_modules\koa-router\node_modules\koa-compose\index.js:45:18)
    at C:\Users\linge l yu\Desktop\egg-example\node_modules\koa-router\lib\router.js:346:16
    at dispatch (C:\Users\linge l yu\Desktop\egg-example\node_modules\koa-router\node_modules\koa-compose\index.js:44:32)
    at C:\Users\linge l yu\Desktop\egg-example\node_modules\koa-router\node_modules\koa-compose\index.js:36:12
    at dispatch (C:\Users\linge l yu\Desktop\egg-example\node_modules\koa-router\lib\router.js:351:31)
name: "JsonWebTokenError"
message: "jwt must be provided"
headers: {"Access-Control-Allow-Origin":"*","Access-Control-Allow-Credentials":"true"}
pid: 12604
hostname: LYU129PRI2

2018-11-26 16:23:31,468 ERROR 6040 [-/::1/-/50ms POST /addOrder] nodejs.JsonWebTokenError: jwt must be provided
    at Object.module.exports [as verify] (C:\Users\linge l yu\Desktop\egg-example\node_modules\jsonwebtoken\verify.js:39:17)
    at Helper.jwtVerify (C:\Users\linge l yu\Desktop\egg-example\app\extend\helper.js:15:37)
    at Order.addOrder (C:\Users\linge l yu\Desktop\egg-example\app\controller\order.js:12:48)
    at Object.callFn (C:\Users\linge l yu\Desktop\egg-example\node_modules\egg-core\lib\utils\index.js:36:21)
    at Object.classControllerMiddleware (C:\Users\linge l yu\Desktop\egg-example\node_modules\egg-core\lib\loader\mixin\controller.js:87:20)
    at Object.callFn (C:\Users\linge l yu\Desktop\egg-example\node_modules\egg-core\lib\utils\index.js:36:21)
    at wrappedController (C:\Users\linge l yu\Desktop\egg-example\node_modules\egg-core\lib\utils\router.js:322:18)
    at dispatch (C:\Users\linge l yu\Desktop\egg-example\node_modules\koa-router\node_modules\koa-compose\index.js:44:32)
    at next (C:\Users\linge l yu\Desktop\egg-example\node_modules\koa-router\node_modules\koa-compose\index.js:45:18)
    at C:\Users\linge l yu\Desktop\egg-example\app\middleware\isParmas.js:16:19
    at dispatch (C:\Users\linge l yu\Desktop\egg-example\node_modules\koa-router\node_modules\koa-compose\index.js:44:32)
    at next (C:\Users\linge l yu\Desktop\egg-example\node_modules\koa-router\node_modules\koa-compose\index.js:45:18)
    at C:\Users\linge l yu\Desktop\egg-example\node_modules\koa-router\lib\router.js:346:16
    at dispatch (C:\Users\linge l yu\Desktop\egg-example\node_modules\koa-router\node_modules\koa-compose\index.js:44:32)
    at C:\Users\linge l yu\Desktop\egg-example\node_modules\koa-router\node_modules\koa-compose\index.js:36:12
    at dispatch (C:\Users\linge l yu\Desktop\egg-example\node_modules\koa-router\lib\router.js:351:31)
name: "JsonWebTokenError"
message: "jwt must be provided"
headers: {"Access-Control-Allow-Origin":"*","Access-Control-Allow-Credentials":"true"}
pid: 6040
hostname: LYU129PRI2

2018-11-26 16:37:26,086 ERROR 17300 [-/::1/-/10ms GET /orderLists] nodejs.ER_PARSE_ERRORError: ER_PARSE_ERROR: You have an error in your SQL syntax; check the manual that corresponds to your MySQL server version for the right syntax to use near 'left product p on o.productId = p.id where userId = '9'' at line 1
    at Query.Sequence._packetToError (C:\Users\linge l yu\Desktop\egg-example\node_modules\mysql\lib\protocol\sequences\Sequence.js:47:14)
    at Query.ErrorPacket (C:\Users\linge l yu\Desktop\egg-example\node_modules\mysql\lib\protocol\sequences\Query.js:77:18)
    at Protocol._parsePacket (C:\Users\linge l yu\Desktop\egg-example\node_modules\mysql\lib\protocol\Protocol.js:278:23)
    at Parser.write (C:\Users\linge l yu\Desktop\egg-example\node_modules\mysql\lib\protocol\Parser.js:76:12)
    at Protocol.write (C:\Users\linge l yu\Desktop\egg-example\node_modules\mysql\lib\protocol\Protocol.js:38:16)
    at Socket.<anonymous> (C:\Users\linge l yu\Desktop\egg-example\node_modules\mysql\lib\Connection.js:91:28)
    at Socket.<anonymous> (C:\Users\linge l yu\Desktop\egg-example\node_modules\mysql\lib\Connection.js:502:10)
    at emitOne (events.js:116:13)
    at Socket.emit (events.js:211:7)
    at addChunk (_stream_readable.js:263:12)
    at readableAddChunk (_stream_readable.js:250:11)
    at Socket.Readable.push (_stream_readable.js:208:10)
    at TCP.onread (net.js:597:20)
    --------------------
    at Pool.query (C:\Users\linge l yu\Desktop\egg-example\node_modules\mysql\lib\Pool.js:199:23)
    at C:\Users\linge l yu\Desktop\egg-example\node_modules\ali-rds\node_modules\pify\index.js:29:7
    at new Promise (<anonymous>)
    at Pool.<anonymous> (C:\Users\linge l yu\Desktop\egg-example\node_modules\ali-rds\node_modules\pify\index.js:12:10)
    at Pool.ret [as query] (C:\Users\linge l yu\Desktop\egg-example\node_modules\ali-rds\node_modules\pify\index.js:56:34)
    at RDSClient.proto._query (C:\Users\linge l yu\Desktop\egg-example\node_modules\ali-rds\lib\client.js:34:20)
    at RDSClient.proto.query (C:\Users\linge l yu\Desktop\egg-example\node_modules\ali-rds\lib\operator.js:54:29)
    at proto.query.next (<anonymous>)
    at onFulfilled (C:\Users\linge l yu\Desktop\egg-example\node_modules\co\index.js:65:19)
    at C:\Users\linge l yu\Desktop\egg-example\node_modules\co\index.js:54:5
    at new Promise (<anonymous>)
    at RDSClient.co (C:\Users\linge l yu\Desktop\egg-example\node_modules\co\index.js:50:10)
    at RDSClient.createPromise [as query] (C:\Users\linge l yu\Desktop\egg-example\node_modules\co\index.js:30:15)
    at User.orderLists (C:\Users\linge l yu\Desktop\egg-example\app\service\order.js:27:41)
    at Order.orderLists (C:\Users\linge l yu\Desktop\egg-example\app\controller\order.js:40:51)
    at <anonymous>
    sql: select * from orderlists o join left product p on o.productId = p.id where userId = '9'
code: "ER_PARSE_ERROR"
errno: 1064
sqlMessage: "You have an error in your SQL syntax; check the manual that corresponds to your MySQL server version for the right syntax to use near 'left product p on o.productId = p.id where userId = '9'' at line 1"
sqlState: "42000"
index: 0
sql: "select * from orderlists o join left product p on o.productId = p.id where userId = '9'"
headers: {"Access-Control-Allow-Origin":"*","Access-Control-Allow-Credentials":"true"}
name: "ER_PARSE_ERRORError"
pid: 17300
hostname: LYU129PRI2

2018-11-26 16:38:02,804 ERROR 17300 [-/::1/-/4ms GET /orderLists] nodejs.ER_PARSE_ERRORError: ER_PARSE_ERROR: You have an error in your SQL syntax; check the manual that corresponds to your MySQL server version for the right syntax to use near 'left product p on o.productId = p.id where userId = '9'' at line 1
    at Query.Sequence._packetToError (C:\Users\linge l yu\Desktop\egg-example\node_modules\mysql\lib\protocol\sequences\Sequence.js:47:14)
    at Query.ErrorPacket (C:\Users\linge l yu\Desktop\egg-example\node_modules\mysql\lib\protocol\sequences\Query.js:77:18)
    at Protocol._parsePacket (C:\Users\linge l yu\Desktop\egg-example\node_modules\mysql\lib\protocol\Protocol.js:278:23)
    at Parser.write (C:\Users\linge l yu\Desktop\egg-example\node_modules\mysql\lib\protocol\Parser.js:76:12)
    at Protocol.write (C:\Users\linge l yu\Desktop\egg-example\node_modules\mysql\lib\protocol\Protocol.js:38:16)
    at Socket.<anonymous> (C:\Users\linge l yu\Desktop\egg-example\node_modules\mysql\lib\Connection.js:91:28)
    at Socket.<anonymous> (C:\Users\linge l yu\Desktop\egg-example\node_modules\mysql\lib\Connection.js:502:10)
    at emitOne (events.js:116:13)
    at Socket.emit (events.js:211:7)
    at addChunk (_stream_readable.js:263:12)
    at readableAddChunk (_stream_readable.js:250:11)
    at Socket.Readable.push (_stream_readable.js:208:10)
    at TCP.onread (net.js:597:20)
    --------------------
    at Pool.query (C:\Users\linge l yu\Desktop\egg-example\node_modules\mysql\lib\Pool.js:199:23)
    at C:\Users\linge l yu\Desktop\egg-example\node_modules\ali-rds\node_modules\pify\index.js:29:7
    at new Promise (<anonymous>)
    at Pool.<anonymous> (C:\Users\linge l yu\Desktop\egg-example\node_modules\ali-rds\node_modules\pify\index.js:12:10)
    at Pool.ret [as query] (C:\Users\linge l yu\Desktop\egg-example\node_modules\ali-rds\node_modules\pify\index.js:56:34)
    at RDSClient.proto._query (C:\Users\linge l yu\Desktop\egg-example\node_modules\ali-rds\lib\client.js:34:20)
    at RDSClient.proto.query (C:\Users\linge l yu\Desktop\egg-example\node_modules\ali-rds\lib\operator.js:54:29)
    at proto.query.next (<anonymous>)
    at onFulfilled (C:\Users\linge l yu\Desktop\egg-example\node_modules\co\index.js:65:19)
    at C:\Users\linge l yu\Desktop\egg-example\node_modules\co\index.js:54:5
    at new Promise (<anonymous>)
    at RDSClient.co (C:\Users\linge l yu\Desktop\egg-example\node_modules\co\index.js:50:10)
    at RDSClient.createPromise [as query] (C:\Users\linge l yu\Desktop\egg-example\node_modules\co\index.js:30:15)
    at User.orderLists (C:\Users\linge l yu\Desktop\egg-example\app\service\order.js:27:41)
    at Order.orderLists (C:\Users\linge l yu\Desktop\egg-example\app\controller\order.js:40:51)
    at <anonymous>
    sql: select * from orderlists o join left product p on o.productId = p.id where userId = '9'
code: "ER_PARSE_ERROR"
errno: 1064
sqlMessage: "You have an error in your SQL syntax; check the manual that corresponds to your MySQL server version for the right syntax to use near 'left product p on o.productId = p.id where userId = '9'' at line 1"
sqlState: "42000"
index: 0
sql: "select * from orderlists o join left product p on o.productId = p.id where userId = '9'"
headers: {"Access-Control-Allow-Origin":"*","Access-Control-Allow-Credentials":"true"}
name: "ER_PARSE_ERRORError"
pid: 17300
hostname: LYU129PRI2

2018-11-26 16:52:32,707 ERROR 16628 [-/::1/-/10ms GET /findLists] nodejs.ER_SP_UNDECLARED_VARError: ER_SP_UNDECLARED_VAR: Undeclared variable: NaN
    at Query.Sequence._packetToError (C:\Users\linge l yu\Desktop\egg-example\node_modules\mysql\lib\protocol\sequences\Sequence.js:47:14)
    at Query.ErrorPacket (C:\Users\linge l yu\Desktop\egg-example\node_modules\mysql\lib\protocol\sequences\Query.js:77:18)
    at Protocol._parsePacket (C:\Users\linge l yu\Desktop\egg-example\node_modules\mysql\lib\protocol\Protocol.js:278:23)
    at Parser.write (C:\Users\linge l yu\Desktop\egg-example\node_modules\mysql\lib\protocol\Parser.js:76:12)
    at Protocol.write (C:\Users\linge l yu\Desktop\egg-example\node_modules\mysql\lib\protocol\Protocol.js:38:16)
    at Socket.<anonymous> (C:\Users\linge l yu\Desktop\egg-example\node_modules\mysql\lib\Connection.js:91:28)
    at Socket.<anonymous> (C:\Users\linge l yu\Desktop\egg-example\node_modules\mysql\lib\Connection.js:502:10)
    at emitOne (events.js:116:13)
    at Socket.emit (events.js:211:7)
    at addChunk (_stream_readable.js:263:12)
    at readableAddChunk (_stream_readable.js:250:11)
    at Socket.Readable.push (_stream_readable.js:208:10)
    at TCP.onread (net.js:597:20)
    --------------------
    at Pool.query (C:\Users\linge l yu\Desktop\egg-example\node_modules\mysql\lib\Pool.js:199:23)
    at C:\Users\linge l yu\Desktop\egg-example\node_modules\ali-rds\node_modules\pify\index.js:29:7
    at new Promise (<anonymous>)
    at Pool.<anonymous> (C:\Users\linge l yu\Desktop\egg-example\node_modules\ali-rds\node_modules\pify\index.js:12:10)
    at Pool.ret [as query] (C:\Users\linge l yu\Desktop\egg-example\node_modules\ali-rds\node_modules\pify\index.js:56:34)
    at RDSClient.proto._query (C:\Users\linge l yu\Desktop\egg-example\node_modules\ali-rds\lib\client.js:34:20)
    at RDSClient.proto.query (C:\Users\linge l yu\Desktop\egg-example\node_modules\ali-rds\lib\operator.js:54:29)
    at proto.query.next (<anonymous>)
    at onFulfilled (C:\Users\linge l yu\Desktop\egg-example\node_modules\co\index.js:65:19)
    at C:\Users\linge l yu\Desktop\egg-example\node_modules\co\index.js:54:5
    at new Promise (<anonymous>)
    at RDSClient.co (C:\Users\linge l yu\Desktop\egg-example\node_modules\co\index.js:50:10)
    at RDSClient.createPromise [as query] (C:\Users\linge l yu\Desktop\egg-example\node_modules\co\index.js:30:15)
    at MenuService.findLists (C:\Users\linge l yu\Desktop\egg-example\app\service\product.js:19:42)
    at ProductService.findLists (C:\Users\linge l yu\Desktop\egg-example\app\controller\product.js:11:42)
    at Object.callFn (C:\Users\linge l yu\Desktop\egg-example\node_modules\egg-core\lib\utils\index.js:36:21)
    sql: select * from product limit NaN, undefined
code: "ER_SP_UNDECLARED_VAR"
errno: 1327
sqlMessage: "Undeclared variable: NaN"
sqlState: "42000"
index: 0
sql: "select * from product limit NaN, undefined"
headers: {"Access-Control-Allow-Origin":"*","Access-Control-Allow-Credentials":"true"}
name: "ER_SP_UNDECLARED_VARError"
pid: 16628
hostname: LYU129PRI2

2018-11-26 16:52:34,219 ERROR 16628 [-/::1/-/4ms GET /findLists] nodejs.ER_SP_UNDECLARED_VARError: ER_SP_UNDECLARED_VAR: Undeclared variable: NaN
    at Query.Sequence._packetToError (C:\Users\linge l yu\Desktop\egg-example\node_modules\mysql\lib\protocol\sequences\Sequence.js:47:14)
    at Query.ErrorPacket (C:\Users\linge l yu\Desktop\egg-example\node_modules\mysql\lib\protocol\sequences\Query.js:77:18)
    at Protocol._parsePacket (C:\Users\linge l yu\Desktop\egg-example\node_modules\mysql\lib\protocol\Protocol.js:278:23)
    at Parser.write (C:\Users\linge l yu\Desktop\egg-example\node_modules\mysql\lib\protocol\Parser.js:76:12)
    at Protocol.write (C:\Users\linge l yu\Desktop\egg-example\node_modules\mysql\lib\protocol\Protocol.js:38:16)
    at Socket.<anonymous> (C:\Users\linge l yu\Desktop\egg-example\node_modules\mysql\lib\Connection.js:91:28)
    at Socket.<anonymous> (C:\Users\linge l yu\Desktop\egg-example\node_modules\mysql\lib\Connection.js:502:10)
    at emitOne (events.js:116:13)
    at Socket.emit (events.js:211:7)
    at addChunk (_stream_readable.js:263:12)
    at readableAddChunk (_stream_readable.js:250:11)
    at Socket.Readable.push (_stream_readable.js:208:10)
    at TCP.onread (net.js:597:20)
    --------------------
    at Pool.query (C:\Users\linge l yu\Desktop\egg-example\node_modules\mysql\lib\Pool.js:199:23)
    at C:\Users\linge l yu\Desktop\egg-example\node_modules\ali-rds\node_modules\pify\index.js:29:7
    at new Promise (<anonymous>)
    at Pool.<anonymous> (C:\Users\linge l yu\Desktop\egg-example\node_modules\ali-rds\node_modules\pify\index.js:12:10)
    at Pool.ret [as query] (C:\Users\linge l yu\Desktop\egg-example\node_modules\ali-rds\node_modules\pify\index.js:56:34)
    at RDSClient.proto._query (C:\Users\linge l yu\Desktop\egg-example\node_modules\ali-rds\lib\client.js:34:20)
    at RDSClient.proto.query (C:\Users\linge l yu\Desktop\egg-example\node_modules\ali-rds\lib\operator.js:54:29)
    at proto.query.next (<anonymous>)
    at onFulfilled (C:\Users\linge l yu\Desktop\egg-example\node_modules\co\index.js:65:19)
    at C:\Users\linge l yu\Desktop\egg-example\node_modules\co\index.js:54:5
    at new Promise (<anonymous>)
    at RDSClient.co (C:\Users\linge l yu\Desktop\egg-example\node_modules\co\index.js:50:10)
    at RDSClient.createPromise [as query] (C:\Users\linge l yu\Desktop\egg-example\node_modules\co\index.js:30:15)
    at MenuService.findLists (C:\Users\linge l yu\Desktop\egg-example\app\service\product.js:19:42)
    at ProductService.findLists (C:\Users\linge l yu\Desktop\egg-example\app\controller\product.js:11:42)
    at Object.callFn (C:\Users\linge l yu\Desktop\egg-example\node_modules\egg-core\lib\utils\index.js:36:21)
    sql: select * from product limit NaN, undefined
code: "ER_SP_UNDECLARED_VAR"
errno: 1327
sqlMessage: "Undeclared variable: NaN"
sqlState: "42000"
index: 0
sql: "select * from product limit NaN, undefined"
headers: {"Access-Control-Allow-Origin":"*","Access-Control-Allow-Credentials":"true"}
name: "ER_SP_UNDECLARED_VARError"
pid: 16628
hostname: LYU129PRI2

2018-11-26 16:57:54,175 ERROR 2056 [-/::1/-/19ms GET /orderLists?pageNum=1&pageSize=10] nodejs.ER_PARSE_ERRORError: ER_PARSE_ERROR: You have an error in your SQL syntax; check the manual that corresponds to your MySQL server version for the right syntax to use near 'total from orderlists o left join product p on o.productId = p.id where userId =' at line 1
    at Query.Sequence._packetToError (C:\Users\linge l yu\Desktop\egg-example\node_modules\mysql\lib\protocol\sequences\Sequence.js:47:14)
    at Query.ErrorPacket (C:\Users\linge l yu\Desktop\egg-example\node_modules\mysql\lib\protocol\sequences\Query.js:77:18)
    at Protocol._parsePacket (C:\Users\linge l yu\Desktop\egg-example\node_modules\mysql\lib\protocol\Protocol.js:278:23)
    at Parser.write (C:\Users\linge l yu\Desktop\egg-example\node_modules\mysql\lib\protocol\Parser.js:76:12)
    at Protocol.write (C:\Users\linge l yu\Desktop\egg-example\node_modules\mysql\lib\protocol\Protocol.js:38:16)
    at Socket.<anonymous> (C:\Users\linge l yu\Desktop\egg-example\node_modules\mysql\lib\Connection.js:91:28)
    at Socket.<anonymous> (C:\Users\linge l yu\Desktop\egg-example\node_modules\mysql\lib\Connection.js:502:10)
    at emitOne (events.js:116:13)
    at Socket.emit (events.js:211:7)
    at addChunk (_stream_readable.js:263:12)
    at readableAddChunk (_stream_readable.js:250:11)
    at Socket.Readable.push (_stream_readable.js:208:10)
    at TCP.onread (net.js:597:20)
    --------------------
    at Pool.query (C:\Users\linge l yu\Desktop\egg-example\node_modules\mysql\lib\Pool.js:199:23)
    at C:\Users\linge l yu\Desktop\egg-example\node_modules\ali-rds\node_modules\pify\index.js:29:7
    at new Promise (<anonymous>)
    at Pool.<anonymous> (C:\Users\linge l yu\Desktop\egg-example\node_modules\ali-rds\node_modules\pify\index.js:12:10)
    at Pool.ret [as query] (C:\Users\linge l yu\Desktop\egg-example\node_modules\ali-rds\node_modules\pify\index.js:56:34)
    at RDSClient.proto._query (C:\Users\linge l yu\Desktop\egg-example\node_modules\ali-rds\lib\client.js:34:20)
    at RDSClient.proto.query (C:\Users\linge l yu\Desktop\egg-example\node_modules\ali-rds\lib\operator.js:54:29)
    at proto.query.next (<anonymous>)
    at onFulfilled (C:\Users\linge l yu\Desktop\egg-example\node_modules\co\index.js:65:19)
    at C:\Users\linge l yu\Desktop\egg-example\node_modules\co\index.js:54:5
    at new Promise (<anonymous>)
    at RDSClient.co (C:\Users\linge l yu\Desktop\egg-example\node_modules\co\index.js:50:10)
    at RDSClient.createPromise [as query] (C:\Users\linge l yu\Desktop\egg-example\node_modules\co\index.js:30:15)
    at User.orderLists (C:\Users\linge l yu\Desktop\egg-example\app\service\order.js:34:41)
    at Order.orderLists (C:\Users\linge l yu\Desktop\egg-example\app\controller\order.js:41:51)
    at <anonymous>
    sql: select * total from orderlists o left join product p on o.productId = p.id where userId = '9'
code: "ER_PARSE_ERROR"
errno: 1064
sqlMessage: "You have an error in your SQL syntax; check the manual that corresponds to your MySQL server version for the right syntax to use near 'total from orderlists o left join product p on o.productId = p.id where userId =' at line 1"
sqlState: "42000"
index: 0
sql: "select * total from orderlists o left join product p on o.productId = p.id where userId = '9'"
headers: {"Access-Control-Allow-Origin":"*","Access-Control-Allow-Credentials":"true"}
name: "ER_PARSE_ERRORError"
pid: 2056
hostname: LYU129PRI2

2018-11-26 16:57:58,144 ERROR 16436 nodejs.unhandledExceptionError: read ECONNRESET
    at _errnoException (util.js:992:11)
    at TCP.onread (net.js:618:25)
code: "ECONNRESET"
errno: "ECONNRESET"
syscall: "read"
name: "unhandledExceptionError"
pid: 16436
hostname: LYU129PRI2

2018-11-26 16:58:03,478 ERROR 14640 [-/::1/-/17ms GET /orderLists?pageNum=1&pageSize=10] nodejs.ER_PARSE_ERRORError: ER_PARSE_ERROR: You have an error in your SQL syntax; check the manual that corresponds to your MySQL server version for the right syntax to use near 'total from orderlists o left join product p on o.productId = p.id where userId =' at line 1
    at Query.Sequence._packetToError (C:\Users\linge l yu\Desktop\egg-example\node_modules\mysql\lib\protocol\sequences\Sequence.js:47:14)
    at Query.ErrorPacket (C:\Users\linge l yu\Desktop\egg-example\node_modules\mysql\lib\protocol\sequences\Query.js:77:18)
    at Protocol._parsePacket (C:\Users\linge l yu\Desktop\egg-example\node_modules\mysql\lib\protocol\Protocol.js:278:23)
    at Parser.write (C:\Users\linge l yu\Desktop\egg-example\node_modules\mysql\lib\protocol\Parser.js:76:12)
    at Protocol.write (C:\Users\linge l yu\Desktop\egg-example\node_modules\mysql\lib\protocol\Protocol.js:38:16)
    at Socket.<anonymous> (C:\Users\linge l yu\Desktop\egg-example\node_modules\mysql\lib\Connection.js:91:28)
    at Socket.<anonymous> (C:\Users\linge l yu\Desktop\egg-example\node_modules\mysql\lib\Connection.js:502:10)
    at emitOne (events.js:116:13)
    at Socket.emit (events.js:211:7)
    at addChunk (_stream_readable.js:263:12)
    at readableAddChunk (_stream_readable.js:250:11)
    at Socket.Readable.push (_stream_readable.js:208:10)
    at TCP.onread (net.js:597:20)
    --------------------
    at Pool.query (C:\Users\linge l yu\Desktop\egg-example\node_modules\mysql\lib\Pool.js:199:23)
    at C:\Users\linge l yu\Desktop\egg-example\node_modules\ali-rds\node_modules\pify\index.js:29:7
    at new Promise (<anonymous>)
    at Pool.<anonymous> (C:\Users\linge l yu\Desktop\egg-example\node_modules\ali-rds\node_modules\pify\index.js:12:10)
    at Pool.ret [as query] (C:\Users\linge l yu\Desktop\egg-example\node_modules\ali-rds\node_modules\pify\index.js:56:34)
    at RDSClient.proto._query (C:\Users\linge l yu\Desktop\egg-example\node_modules\ali-rds\lib\client.js:34:20)
    at RDSClient.proto.query (C:\Users\linge l yu\Desktop\egg-example\node_modules\ali-rds\lib\operator.js:54:29)
    at proto.query.next (<anonymous>)
    at onFulfilled (C:\Users\linge l yu\Desktop\egg-example\node_modules\co\index.js:65:19)
    at C:\Users\linge l yu\Desktop\egg-example\node_modules\co\index.js:54:5
    at new Promise (<anonymous>)
    at RDSClient.co (C:\Users\linge l yu\Desktop\egg-example\node_modules\co\index.js:50:10)
    at RDSClient.createPromise [as query] (C:\Users\linge l yu\Desktop\egg-example\node_modules\co\index.js:30:15)
    at User.orderLists (C:\Users\linge l yu\Desktop\egg-example\app\service\order.js:34:41)
    at Order.orderLists (C:\Users\linge l yu\Desktop\egg-example\app\controller\order.js:41:51)
    at <anonymous>
    sql: select * total from orderlists o left join product p on o.productId = p.id where userId = '9'
code: "ER_PARSE_ERROR"
errno: 1064
sqlMessage: "You have an error in your SQL syntax; check the manual that corresponds to your MySQL server version for the right syntax to use near 'total from orderlists o left join product p on o.productId = p.id where userId =' at line 1"
sqlState: "42000"
index: 0
sql: "select * total from orderlists o left join product p on o.productId = p.id where userId = '9'"
headers: {"Access-Control-Allow-Origin":"*","Access-Control-Allow-Credentials":"true"}
name: "ER_PARSE_ERRORError"
pid: 14640
hostname: LYU129PRI2

2018-11-26 16:58:04,777 ERROR 14640 [-/::1/-/10ms GET /orderLists?pageNum=1&pageSize=10] nodejs.ER_PARSE_ERRORError: ER_PARSE_ERROR: You have an error in your SQL syntax; check the manual that corresponds to your MySQL server version for the right syntax to use near 'total from orderlists o left join product p on o.productId = p.id where userId =' at line 1
    at Query.Sequence._packetToError (C:\Users\linge l yu\Desktop\egg-example\node_modules\mysql\lib\protocol\sequences\Sequence.js:47:14)
    at Query.ErrorPacket (C:\Users\linge l yu\Desktop\egg-example\node_modules\mysql\lib\protocol\sequences\Query.js:77:18)
    at Protocol._parsePacket (C:\Users\linge l yu\Desktop\egg-example\node_modules\mysql\lib\protocol\Protocol.js:278:23)
    at Parser.write (C:\Users\linge l yu\Desktop\egg-example\node_modules\mysql\lib\protocol\Parser.js:76:12)
    at Protocol.write (C:\Users\linge l yu\Desktop\egg-example\node_modules\mysql\lib\protocol\Protocol.js:38:16)
    at Socket.<anonymous> (C:\Users\linge l yu\Desktop\egg-example\node_modules\mysql\lib\Connection.js:91:28)
    at Socket.<anonymous> (C:\Users\linge l yu\Desktop\egg-example\node_modules\mysql\lib\Connection.js:502:10)
    at emitOne (events.js:116:13)
    at Socket.emit (events.js:211:7)
    at addChunk (_stream_readable.js:263:12)
    at readableAddChunk (_stream_readable.js:250:11)
    at Socket.Readable.push (_stream_readable.js:208:10)
    at TCP.onread (net.js:597:20)
    --------------------
    at Pool.query (C:\Users\linge l yu\Desktop\egg-example\node_modules\mysql\lib\Pool.js:199:23)
    at C:\Users\linge l yu\Desktop\egg-example\node_modules\ali-rds\node_modules\pify\index.js:29:7
    at new Promise (<anonymous>)
    at Pool.<anonymous> (C:\Users\linge l yu\Desktop\egg-example\node_modules\ali-rds\node_modules\pify\index.js:12:10)
    at Pool.ret [as query] (C:\Users\linge l yu\Desktop\egg-example\node_modules\ali-rds\node_modules\pify\index.js:56:34)
    at RDSClient.proto._query (C:\Users\linge l yu\Desktop\egg-example\node_modules\ali-rds\lib\client.js:34:20)
    at RDSClient.proto.query (C:\Users\linge l yu\Desktop\egg-example\node_modules\ali-rds\lib\operator.js:54:29)
    at proto.query.next (<anonymous>)
    at onFulfilled (C:\Users\linge l yu\Desktop\egg-example\node_modules\co\index.js:65:19)
    at C:\Users\linge l yu\Desktop\egg-example\node_modules\co\index.js:54:5
    at new Promise (<anonymous>)
    at RDSClient.co (C:\Users\linge l yu\Desktop\egg-example\node_modules\co\index.js:50:10)
    at RDSClient.createPromise [as query] (C:\Users\linge l yu\Desktop\egg-example\node_modules\co\index.js:30:15)
    at User.orderLists (C:\Users\linge l yu\Desktop\egg-example\app\service\order.js:34:41)
    at Order.orderLists (C:\Users\linge l yu\Desktop\egg-example\app\controller\order.js:41:51)
    at <anonymous>
    sql: select * total from orderlists o left join product p on o.productId = p.id where userId = '9'
code: "ER_PARSE_ERROR"
errno: 1064
sqlMessage: "You have an error in your SQL syntax; check the manual that corresponds to your MySQL server version for the right syntax to use near 'total from orderlists o left join product p on o.productId = p.id where userId =' at line 1"
sqlState: "42000"
index: 0
sql: "select * total from orderlists o left join product p on o.productId = p.id where userId = '9'"
headers: {"Access-Control-Allow-Origin":"*","Access-Control-Allow-Credentials":"true"}
name: "ER_PARSE_ERRORError"
pid: 14640
hostname: LYU129PRI2

2018-11-26 16:58:06,166 ERROR 14640 [-/::1/-/3ms GET /orderLists?pageNum=1&pageSize=10] nodejs.ER_PARSE_ERRORError: ER_PARSE_ERROR: You have an error in your SQL syntax; check the manual that corresponds to your MySQL server version for the right syntax to use near 'total from orderlists o left join product p on o.productId = p.id where userId =' at line 1
    at Query.Sequence._packetToError (C:\Users\linge l yu\Desktop\egg-example\node_modules\mysql\lib\protocol\sequences\Sequence.js:47:14)
    at Query.ErrorPacket (C:\Users\linge l yu\Desktop\egg-example\node_modules\mysql\lib\protocol\sequences\Query.js:77:18)
    at Protocol._parsePacket (C:\Users\linge l yu\Desktop\egg-example\node_modules\mysql\lib\protocol\Protocol.js:278:23)
    at Parser.write (C:\Users\linge l yu\Desktop\egg-example\node_modules\mysql\lib\protocol\Parser.js:76:12)
    at Protocol.write (C:\Users\linge l yu\Desktop\egg-example\node_modules\mysql\lib\protocol\Protocol.js:38:16)
    at Socket.<anonymous> (C:\Users\linge l yu\Desktop\egg-example\node_modules\mysql\lib\Connection.js:91:28)
    at Socket.<anonymous> (C:\Users\linge l yu\Desktop\egg-example\node_modules\mysql\lib\Connection.js:502:10)
    at emitOne (events.js:116:13)
    at Socket.emit (events.js:211:7)
    at addChunk (_stream_readable.js:263:12)
    at readableAddChunk (_stream_readable.js:250:11)
    at Socket.Readable.push (_stream_readable.js:208:10)
    at TCP.onread (net.js:597:20)
    --------------------
    at Pool.query (C:\Users\linge l yu\Desktop\egg-example\node_modules\mysql\lib\Pool.js:199:23)
    at C:\Users\linge l yu\Desktop\egg-example\node_modules\ali-rds\node_modules\pify\index.js:29:7
    at new Promise (<anonymous>)
    at Pool.<anonymous> (C:\Users\linge l yu\Desktop\egg-example\node_modules\ali-rds\node_modules\pify\index.js:12:10)
    at Pool.ret [as query] (C:\Users\linge l yu\Desktop\egg-example\node_modules\ali-rds\node_modules\pify\index.js:56:34)
    at RDSClient.proto._query (C:\Users\linge l yu\Desktop\egg-example\node_modules\ali-rds\lib\client.js:34:20)
    at RDSClient.proto.query (C:\Users\linge l yu\Desktop\egg-example\node_modules\ali-rds\lib\operator.js:54:29)
    at proto.query.next (<anonymous>)
    at onFulfilled (C:\Users\linge l yu\Desktop\egg-example\node_modules\co\index.js:65:19)
    at C:\Users\linge l yu\Desktop\egg-example\node_modules\co\index.js:54:5
    at new Promise (<anonymous>)
    at RDSClient.co (C:\Users\linge l yu\Desktop\egg-example\node_modules\co\index.js:50:10)
    at RDSClient.createPromise [as query] (C:\Users\linge l yu\Desktop\egg-example\node_modules\co\index.js:30:15)
    at User.orderLists (C:\Users\linge l yu\Desktop\egg-example\app\service\order.js:34:41)
    at Order.orderLists (C:\Users\linge l yu\Desktop\egg-example\app\controller\order.js:41:51)
    at <anonymous>
    sql: select * total from orderlists o left join product p on o.productId = p.id where userId = '9'
code: "ER_PARSE_ERROR"
errno: 1064
sqlMessage: "You have an error in your SQL syntax; check the manual that corresponds to your MySQL server version for the right syntax to use near 'total from orderlists o left join product p on o.productId = p.id where userId =' at line 1"
sqlState: "42000"
index: 0
sql: "select * total from orderlists o left join product p on o.productId = p.id where userId = '9'"
headers: {"Access-Control-Allow-Origin":"*","Access-Control-Allow-Credentials":"true"}
name: "ER_PARSE_ERRORError"
pid: 14640
hostname: LYU129PRI2

2018-11-26 17:13:08,868 ERROR 15508 [-/::1/-/52ms POST /addOrder] nodejs.ER_PARSE_ERRORError: ER_PARSE_ERROR: You have an error in your SQL syntax; check the manual that corresponds to your MySQL server version for the right syntax to use near 'selct * from product where id = 3' at line 1
    at Query.Sequence._packetToError (C:\Users\linge l yu\Desktop\egg-example\node_modules\mysql\lib\protocol\sequences\Sequence.js:47:14)
    at Query.ErrorPacket (C:\Users\linge l yu\Desktop\egg-example\node_modules\mysql\lib\protocol\sequences\Query.js:77:18)
    at Protocol._parsePacket (C:\Users\linge l yu\Desktop\egg-example\node_modules\mysql\lib\protocol\Protocol.js:278:23)
    at Parser.write (C:\Users\linge l yu\Desktop\egg-example\node_modules\mysql\lib\protocol\Parser.js:76:12)
    at Protocol.write (C:\Users\linge l yu\Desktop\egg-example\node_modules\mysql\lib\protocol\Protocol.js:38:16)
    at Socket.<anonymous> (C:\Users\linge l yu\Desktop\egg-example\node_modules\mysql\lib\Connection.js:91:28)
    at Socket.<anonymous> (C:\Users\linge l yu\Desktop\egg-example\node_modules\mysql\lib\Connection.js:502:10)
    at emitOne (events.js:116:13)
    at Socket.emit (events.js:211:7)
    at addChunk (_stream_readable.js:263:12)
    at readableAddChunk (_stream_readable.js:250:11)
    at Socket.Readable.push (_stream_readable.js:208:10)
    at TCP.onread (net.js:597:20)
    --------------------
    at Pool.query (C:\Users\linge l yu\Desktop\egg-example\node_modules\mysql\lib\Pool.js:199:23)
    at C:\Users\linge l yu\Desktop\egg-example\node_modules\ali-rds\node_modules\pify\index.js:29:7
    at new Promise (<anonymous>)
    at Pool.<anonymous> (C:\Users\linge l yu\Desktop\egg-example\node_modules\ali-rds\node_modules\pify\index.js:12:10)
    at Pool.ret [as query] (C:\Users\linge l yu\Desktop\egg-example\node_modules\ali-rds\node_modules\pify\index.js:56:34)
    at RDSClient.proto._query (C:\Users\linge l yu\Desktop\egg-example\node_modules\ali-rds\lib\client.js:34:20)
    at RDSClient.proto.query (C:\Users\linge l yu\Desktop\egg-example\node_modules\ali-rds\lib\operator.js:54:29)
    at proto.query.next (<anonymous>)
    at onFulfilled (C:\Users\linge l yu\Desktop\egg-example\node_modules\co\index.js:65:19)
    at C:\Users\linge l yu\Desktop\egg-example\node_modules\co\index.js:54:5
    at new Promise (<anonymous>)
    at RDSClient.co (C:\Users\linge l yu\Desktop\egg-example\node_modules\co\index.js:50:10)
    at RDSClient.createPromise [as query] (C:\Users\linge l yu\Desktop\egg-example\node_modules\co\index.js:30:15)
    at User.addOrder (C:\Users\linge l yu\Desktop\egg-example\app\service\order.js:16:48)
    at Order.addOrder (C:\Users\linge l yu\Desktop\egg-example\app\controller\order.js:13:53)
    at <anonymous>
    sql: selct * from product where id = 3
code: "ER_PARSE_ERROR"
errno: 1064
sqlMessage: "You have an error in your SQL syntax; check the manual that corresponds to your MySQL server version for the right syntax to use near 'selct * from product where id = 3' at line 1"
sqlState: "42000"
index: 0
sql: "selct * from product where id = 3"
headers: {"Access-Control-Allow-Origin":"*","Access-Control-Allow-Credentials":"true"}
name: "ER_PARSE_ERRORError"
pid: 15508
hostname: LYU129PRI2

2018-11-26 17:13:34,027 ERROR 13144 [-/::1/-/54ms POST /addOrder] nodejs.ER_PARSE_ERRORError: ER_PARSE_ERROR: You have an error in your SQL syntax; check the manual that corresponds to your MySQL server version for the right syntax to use near 'selct * from product where id='2'' at line 1
    at Query.Sequence._packetToError (C:\Users\linge l yu\Desktop\egg-example\node_modules\mysql\lib\protocol\sequences\Sequence.js:47:14)
    at Query.ErrorPacket (C:\Users\linge l yu\Desktop\egg-example\node_modules\mysql\lib\protocol\sequences\Query.js:77:18)
    at Protocol._parsePacket (C:\Users\linge l yu\Desktop\egg-example\node_modules\mysql\lib\protocol\Protocol.js:278:23)
    at Parser.write (C:\Users\linge l yu\Desktop\egg-example\node_modules\mysql\lib\protocol\Parser.js:76:12)
    at Protocol.write (C:\Users\linge l yu\Desktop\egg-example\node_modules\mysql\lib\protocol\Protocol.js:38:16)
    at Socket.<anonymous> (C:\Users\linge l yu\Desktop\egg-example\node_modules\mysql\lib\Connection.js:91:28)
    at Socket.<anonymous> (C:\Users\linge l yu\Desktop\egg-example\node_modules\mysql\lib\Connection.js:502:10)
    at emitOne (events.js:116:13)
    at Socket.emit (events.js:211:7)
    at addChunk (_stream_readable.js:263:12)
    at readableAddChunk (_stream_readable.js:250:11)
    at Socket.Readable.push (_stream_readable.js:208:10)
    at TCP.onread (net.js:597:20)
    --------------------
    at Pool.query (C:\Users\linge l yu\Desktop\egg-example\node_modules\mysql\lib\Pool.js:199:23)
    at C:\Users\linge l yu\Desktop\egg-example\node_modules\ali-rds\node_modules\pify\index.js:29:7
    at new Promise (<anonymous>)
    at Pool.<anonymous> (C:\Users\linge l yu\Desktop\egg-example\node_modules\ali-rds\node_modules\pify\index.js:12:10)
    at Pool.ret [as query] (C:\Users\linge l yu\Desktop\egg-example\node_modules\ali-rds\node_modules\pify\index.js:56:34)
    at RDSClient.proto._query (C:\Users\linge l yu\Desktop\egg-example\node_modules\ali-rds\lib\client.js:34:20)
    at RDSClient.proto.query (C:\Users\linge l yu\Desktop\egg-example\node_modules\ali-rds\lib\operator.js:54:29)
    at proto.query.next (<anonymous>)
    at onFulfilled (C:\Users\linge l yu\Desktop\egg-example\node_modules\co\index.js:65:19)
    at C:\Users\linge l yu\Desktop\egg-example\node_modules\co\index.js:54:5
    at new Promise (<anonymous>)
    at RDSClient.co (C:\Users\linge l yu\Desktop\egg-example\node_modules\co\index.js:50:10)
    at RDSClient.createPromise [as query] (C:\Users\linge l yu\Desktop\egg-example\node_modules\co\index.js:30:15)
    at User.addOrder (C:\Users\linge l yu\Desktop\egg-example\app\service\order.js:16:48)
    at Order.addOrder (C:\Users\linge l yu\Desktop\egg-example\app\controller\order.js:13:53)
    at <anonymous>
    sql: selct * from product where id='2'
code: "ER_PARSE_ERROR"
errno: 1064
sqlMessage: "You have an error in your SQL syntax; check the manual that corresponds to your MySQL server version for the right syntax to use near 'selct * from product where id='2'' at line 1"
sqlState: "42000"
index: 0
sql: "selct * from product where id='2'"
headers: {"Access-Control-Allow-Origin":"*","Access-Control-Allow-Credentials":"true"}
name: "ER_PARSE_ERRORError"
pid: 13144
hostname: LYU129PRI2

2018-11-26 17:13:50,309 ERROR 13144 [-/::1/-/5ms POST /addOrder] nodejs.ER_PARSE_ERRORError: ER_PARSE_ERROR: You have an error in your SQL syntax; check the manual that corresponds to your MySQL server version for the right syntax to use near 'selct * from product where id='2'' at line 1
    at Query.Sequence._packetToError (C:\Users\linge l yu\Desktop\egg-example\node_modules\mysql\lib\protocol\sequences\Sequence.js:47:14)
    at Query.ErrorPacket (C:\Users\linge l yu\Desktop\egg-example\node_modules\mysql\lib\protocol\sequences\Query.js:77:18)
    at Protocol._parsePacket (C:\Users\linge l yu\Desktop\egg-example\node_modules\mysql\lib\protocol\Protocol.js:278:23)
    at Parser.write (C:\Users\linge l yu\Desktop\egg-example\node_modules\mysql\lib\protocol\Parser.js:76:12)
    at Protocol.write (C:\Users\linge l yu\Desktop\egg-example\node_modules\mysql\lib\protocol\Protocol.js:38:16)
    at Socket.<anonymous> (C:\Users\linge l yu\Desktop\egg-example\node_modules\mysql\lib\Connection.js:91:28)
    at Socket.<anonymous> (C:\Users\linge l yu\Desktop\egg-example\node_modules\mysql\lib\Connection.js:502:10)
    at emitOne (events.js:116:13)
    at Socket.emit (events.js:211:7)
    at addChunk (_stream_readable.js:263:12)
    at readableAddChunk (_stream_readable.js:250:11)
    at Socket.Readable.push (_stream_readable.js:208:10)
    at TCP.onread (net.js:597:20)
    --------------------
    at Pool.query (C:\Users\linge l yu\Desktop\egg-example\node_modules\mysql\lib\Pool.js:199:23)
    at C:\Users\linge l yu\Desktop\egg-example\node_modules\ali-rds\node_modules\pify\index.js:29:7
    at new Promise (<anonymous>)
    at Pool.<anonymous> (C:\Users\linge l yu\Desktop\egg-example\node_modules\ali-rds\node_modules\pify\index.js:12:10)
    at Pool.ret [as query] (C:\Users\linge l yu\Desktop\egg-example\node_modules\ali-rds\node_modules\pify\index.js:56:34)
    at RDSClient.proto._query (C:\Users\linge l yu\Desktop\egg-example\node_modules\ali-rds\lib\client.js:34:20)
    at RDSClient.proto.query (C:\Users\linge l yu\Desktop\egg-example\node_modules\ali-rds\lib\operator.js:54:29)
    at proto.query.next (<anonymous>)
    at onFulfilled (C:\Users\linge l yu\Desktop\egg-example\node_modules\co\index.js:65:19)
    at C:\Users\linge l yu\Desktop\egg-example\node_modules\co\index.js:54:5
    at new Promise (<anonymous>)
    at RDSClient.co (C:\Users\linge l yu\Desktop\egg-example\node_modules\co\index.js:50:10)
    at RDSClient.createPromise [as query] (C:\Users\linge l yu\Desktop\egg-example\node_modules\co\index.js:30:15)
    at User.addOrder (C:\Users\linge l yu\Desktop\egg-example\app\service\order.js:16:48)
    at Order.addOrder (C:\Users\linge l yu\Desktop\egg-example\app\controller\order.js:13:53)
    at <anonymous>
    sql: selct * from product where id='2'
code: "ER_PARSE_ERROR"
errno: 1064
sqlMessage: "You have an error in your SQL syntax; check the manual that corresponds to your MySQL server version for the right syntax to use near 'selct * from product where id='2'' at line 1"
sqlState: "42000"
index: 0
sql: "selct * from product where id='2'"
headers: {"Access-Control-Allow-Origin":"*","Access-Control-Allow-Credentials":"true"}
name: "ER_PARSE_ERRORError"
pid: 13144
hostname: LYU129PRI2

2018-11-26 17:38:13,327 ERROR 16436 nodejs.unhandledExceptionError: read ECONNRESET
    at _errnoException (util.js:992:11)
    at TCP.onread (net.js:618:25)
code: "ECONNRESET"
errno: "ECONNRESET"
syscall: "read"
name: "unhandledExceptionError"
pid: 16436
hostname: LYU129PRI2

2018-11-26 18:27:16,151 ERROR 16436 nodejs.unhandledExceptionError: read ECONNRESET
    at _errnoException (util.js:992:11)
    at TCP.onread (net.js:618:25)
code: "ECONNRESET"
errno: "ECONNRESET"
syscall: "read"
name: "unhandledExceptionError"
pid: 16436
hostname: LYU129PRI2

2018-11-26 18:44:36,431 ERROR 17708 [-/::1/-/52ms POST /orderPay] nodejs.ER_BAD_FIELD_ERRORError: ER_BAD_FIELD_ERROR: Unknown column '1a716f40f16611e8b6cb9fd254836b86' in 'where clause'
    at Query.Sequence._packetToError (C:\Users\linge l yu\Desktop\egg-example\node_modules\mysql\lib\protocol\sequences\Sequence.js:47:14)
    at Query.ErrorPacket (C:\Users\linge l yu\Desktop\egg-example\node_modules\mysql\lib\protocol\sequences\Query.js:77:18)
    at Protocol._parsePacket (C:\Users\linge l yu\Desktop\egg-example\node_modules\mysql\lib\protocol\Protocol.js:278:23)
    at Parser.write (C:\Users\linge l yu\Desktop\egg-example\node_modules\mysql\lib\protocol\Parser.js:76:12)
    at Protocol.write (C:\Users\linge l yu\Desktop\egg-example\node_modules\mysql\lib\protocol\Protocol.js:38:16)
    at Socket.<anonymous> (C:\Users\linge l yu\Desktop\egg-example\node_modules\mysql\lib\Connection.js:91:28)
    at Socket.<anonymous> (C:\Users\linge l yu\Desktop\egg-example\node_modules\mysql\lib\Connection.js:502:10)
    at emitOne (events.js:116:13)
    at Socket.emit (events.js:211:7)
    at addChunk (_stream_readable.js:263:12)
    at readableAddChunk (_stream_readable.js:250:11)
    at Socket.Readable.push (_stream_readable.js:208:10)
    at TCP.onread (net.js:597:20)
    --------------------
    at Pool.query (C:\Users\linge l yu\Desktop\egg-example\node_modules\mysql\lib\Pool.js:199:23)
    at C:\Users\linge l yu\Desktop\egg-example\node_modules\ali-rds\node_modules\pify\index.js:29:7
    at new Promise (<anonymous>)
    at Pool.<anonymous> (C:\Users\linge l yu\Desktop\egg-example\node_modules\ali-rds\node_modules\pify\index.js:12:10)
    at Pool.ret [as query] (C:\Users\linge l yu\Desktop\egg-example\node_modules\ali-rds\node_modules\pify\index.js:56:34)
    at RDSClient.proto._query (C:\Users\linge l yu\Desktop\egg-example\node_modules\ali-rds\lib\client.js:34:20)
    at RDSClient.proto.query (C:\Users\linge l yu\Desktop\egg-example\node_modules\ali-rds\lib\operator.js:54:29)
    at proto.query.next (<anonymous>)
    at onFulfilled (C:\Users\linge l yu\Desktop\egg-example\node_modules\co\index.js:65:19)
    at C:\Users\linge l yu\Desktop\egg-example\node_modules\co\index.js:54:5
    at new Promise (<anonymous>)
    at RDSClient.co (C:\Users\linge l yu\Desktop\egg-example\node_modules\co\index.js:50:10)
    at RDSClient.createPromise [as query] (C:\Users\linge l yu\Desktop\egg-example\node_modules\co\index.js:30:15)
    at User.orderPay (C:\Users\linge l yu\Desktop\egg-example\app\service\order.js:66:46)
    at Order.orderPay (C:\Users\linge l yu\Desktop\egg-example\app\controller\order.js:58:51)
    at <anonymous>
    sql: update orderlists set orderStatus=2 where orderId=1a716f40f16611e8b6cb9fd254836b86 and userId=9
code: "ER_BAD_FIELD_ERROR"
errno: 1054
sqlMessage: "Unknown column '1a716f40f16611e8b6cb9fd254836b86' in 'where clause'"
sqlState: "42S22"
index: 0
sql: "update orderlists set orderStatus=2 where orderId=1a716f40f16611e8b6cb9fd254836b86 and userId=9"
headers: {"Access-Control-Allow-Origin":"*","Access-Control-Allow-Credentials":"true"}
name: "ER_BAD_FIELD_ERRORError"
pid: 17708
hostname: LYU129PRI2

2018-11-27 13:28:44,779 ERROR 14784 nodejs.unhandledExceptionError: read ECONNRESET
    at _errnoException (util.js:992:11)
    at TCP.onread (net.js:618:25)
code: "ECONNRESET"
errno: "ECONNRESET"
syscall: "read"
name: "unhandledExceptionError"
pid: 14784
hostname: LYU129PRI2

2018-11-27 13:35:40,931 ERROR 18572 [-/::1/-/6ms GET /orderInfo?orderId=28001760f15c11e898a59d36430d8898] nodejs.ReferenceError: token is not defined
    at Order.orderInfo (C:\Users\linge l yu\Desktop\eg_shop_server\app\controller\order.js:84:58)
    at Object.callFn (C:\Users\linge l yu\Desktop\eg_shop_server\node_modules\egg-core\lib\utils\index.js:36:21)
    at Object.classControllerMiddleware (C:\Users\linge l yu\Desktop\eg_shop_server\node_modules\egg-core\lib\loader\mixin\controller.js:87:20)
    at Object.callFn (C:\Users\linge l yu\Desktop\eg_shop_server\node_modules\egg-core\lib\utils\index.js:36:21)
    at wrappedController (C:\Users\linge l yu\Desktop\eg_shop_server\node_modules\egg-core\lib\utils\router.js:322:18)
    at dispatch (C:\Users\linge l yu\Desktop\eg_shop_server\node_modules\koa-router\node_modules\koa-compose\index.js:44:32)
    at next (C:\Users\linge l yu\Desktop\eg_shop_server\node_modules\koa-router\node_modules\koa-compose\index.js:45:18)
    at C:\Users\linge l yu\Desktop\eg_shop_server\app\middleware\isParmas.js:22:19
    at dispatch (C:\Users\linge l yu\Desktop\eg_shop_server\node_modules\koa-router\node_modules\koa-compose\index.js:44:32)
    at next (C:\Users\linge l yu\Desktop\eg_shop_server\node_modules\koa-router\node_modules\koa-compose\index.js:45:18)
    at C:\Users\linge l yu\Desktop\eg_shop_server\node_modules\koa-router\lib\router.js:346:16
    at dispatch (C:\Users\linge l yu\Desktop\eg_shop_server\node_modules\koa-router\node_modules\koa-compose\index.js:44:32)
    at C:\Users\linge l yu\Desktop\eg_shop_server\node_modules\koa-router\node_modules\koa-compose\index.js:36:12
    at dispatch (C:\Users\linge l yu\Desktop\eg_shop_server\node_modules\koa-router\lib\router.js:351:31)
    at dispatch (C:\Users\linge l yu\Desktop\eg_shop_server\node_modules\koa-compose\index.js:42:32)
    at C:\Users\linge l yu\Desktop\eg_shop_server\node_modules\egg-development\app\middleware\egg_loader_trace.js:9:56
headers: {"Access-Control-Allow-Origin":"*","Access-Control-Allow-Credentials":"true"}
pid: 18572
hostname: LYU129PRI2

2018-11-27 13:35:48,423 ERROR 18572 [-/::1/-/1ms GET /orderInfo?orderId=28001760f15c11e898a59d36430d8898] nodejs.ReferenceError: token is not defined
    at Order.orderInfo (C:\Users\linge l yu\Desktop\eg_shop_server\app\controller\order.js:84:58)
    at Object.callFn (C:\Users\linge l yu\Desktop\eg_shop_server\node_modules\egg-core\lib\utils\index.js:36:21)
    at Object.classControllerMiddleware (C:\Users\linge l yu\Desktop\eg_shop_server\node_modules\egg-core\lib\loader\mixin\controller.js:87:20)
    at Object.callFn (C:\Users\linge l yu\Desktop\eg_shop_server\node_modules\egg-core\lib\utils\index.js:36:21)
    at wrappedController (C:\Users\linge l yu\Desktop\eg_shop_server\node_modules\egg-core\lib\utils\router.js:322:18)
    at dispatch (C:\Users\linge l yu\Desktop\eg_shop_server\node_modules\koa-router\node_modules\koa-compose\index.js:44:32)
    at next (C:\Users\linge l yu\Desktop\eg_shop_server\node_modules\koa-router\node_modules\koa-compose\index.js:45:18)
    at C:\Users\linge l yu\Desktop\eg_shop_server\app\middleware\isParmas.js:22:19
    at dispatch (C:\Users\linge l yu\Desktop\eg_shop_server\node_modules\koa-router\node_modules\koa-compose\index.js:44:32)
    at next (C:\Users\linge l yu\Desktop\eg_shop_server\node_modules\koa-router\node_modules\koa-compose\index.js:45:18)
    at C:\Users\linge l yu\Desktop\eg_shop_server\node_modules\koa-router\lib\router.js:346:16
    at dispatch (C:\Users\linge l yu\Desktop\eg_shop_server\node_modules\koa-router\node_modules\koa-compose\index.js:44:32)
    at C:\Users\linge l yu\Desktop\eg_shop_server\node_modules\koa-router\node_modules\koa-compose\index.js:36:12
    at dispatch (C:\Users\linge l yu\Desktop\eg_shop_server\node_modules\koa-router\lib\router.js:351:31)
    at dispatch (C:\Users\linge l yu\Desktop\eg_shop_server\node_modules\koa-compose\index.js:42:32)
    at C:\Users\linge l yu\Desktop\eg_shop_server\node_modules\egg-development\app\middleware\egg_loader_trace.js:9:56
headers: {"Access-Control-Allow-Origin":"*","Access-Control-Allow-Credentials":"true"}
pid: 18572
hostname: LYU129PRI2

2018-11-27 15:58:31,422 ERROR 14784 nodejs.unhandledExceptionError: read ECONNRESET
    at _errnoException (util.js:992:11)
    at TCP.onread (net.js:618:25)
code: "ECONNRESET"
errno: "ECONNRESET"
syscall: "read"
name: "unhandledExceptionError"
pid: 14784
hostname: LYU129PRI2

2018-11-27 17:20:37,912 ERROR 13556 [-/::1/-/3ms POST /comments] nodejs.ReferenceError: ctx is not defined
    at Order.comments (C:\Users\linge l yu\Desktop\eg_shop_server\app\controller\order.js:132:17)
    at Object.callFn (C:\Users\linge l yu\Desktop\eg_shop_server\node_modules\egg-core\lib\utils\index.js:36:21)
    at Object.classControllerMiddleware (C:\Users\linge l yu\Desktop\eg_shop_server\node_modules\egg-core\lib\loader\mixin\controller.js:87:20)
    at Object.callFn (C:\Users\linge l yu\Desktop\eg_shop_server\node_modules\egg-core\lib\utils\index.js:36:21)
    at wrappedController (C:\Users\linge l yu\Desktop\eg_shop_server\node_modules\egg-core\lib\utils\router.js:322:18)
    at dispatch (C:\Users\linge l yu\Desktop\eg_shop_server\node_modules\koa-router\node_modules\koa-compose\index.js:44:32)
    at next (C:\Users\linge l yu\Desktop\eg_shop_server\node_modules\koa-router\node_modules\koa-compose\index.js:45:18)
    at C:\Users\linge l yu\Desktop\eg_shop_server\app\middleware\isParmas.js:22:19
    at dispatch (C:\Users\linge l yu\Desktop\eg_shop_server\node_modules\koa-router\node_modules\koa-compose\index.js:44:32)
    at next (C:\Users\linge l yu\Desktop\eg_shop_server\node_modules\koa-router\node_modules\koa-compose\index.js:45:18)
    at C:\Users\linge l yu\Desktop\eg_shop_server\app\middleware\isLogin.js:5:19
    at <anonymous>
    at process._tickCallback (internal/process/next_tick.js:188:7)
headers: {"Access-Control-Allow-Origin":"*","Access-Control-Allow-Credentials":"true"}
pid: 13556
hostname: LYU129PRI2

2018-11-27 17:23:20,930 ERROR 5384 [-/::1/-/52ms POST /comments] nodejs.TypeError: Cannot destructure property `userId` of 'undefined' or 'null'.
    at User.comments (C:\Users\linge l yu\Desktop\eg_shop_server\app\service\order.js:116:17)
    at <anonymous>
    at process._tickCallback (internal/process/next_tick.js:188:7)
headers: {"Access-Control-Allow-Origin":"*","Access-Control-Allow-Credentials":"true"}
pid: 5384
hostname: LYU129PRI2

2018-11-27 17:24:00,930 ERROR 11612 [-/::1/-/51ms POST /comments] nodejs.TypeError: Cannot destructure property `userId` of 'undefined' or 'null'.
    at User.comments (C:\Users\linge l yu\Desktop\eg_shop_server\app\service\order.js:117:17)
    at <anonymous>
    at process._tickCallback (internal/process/next_tick.js:188:7)
headers: {"Access-Control-Allow-Origin":"*","Access-Control-Allow-Credentials":"true"}
pid: 11612
hostname: LYU129PRI2

2018-11-27 18:57:48,438 ERROR 14784 nodejs.unhandledExceptionError: read ECONNRESET
    at _errnoException (util.js:992:11)
    at TCP.onread (net.js:618:25)
code: "ECONNRESET"
errno: "ECONNRESET"
syscall: "read"
name: "unhandledExceptionError"
pid: 14784
hostname: LYU129PRI2

2018-11-27 19:05:49,689 ERROR 14784 nodejs.ClusterClientNoResponseError: client no response in 226654ms exceeding maxIdleTime 60000ms, maybe the connection is close on other side.
    at Timeout.Leader._heartbeatTimer.setInterval [as _onTimeout] (C:\Users\linge l yu\Desktop\eg_shop_server\node_modules\cluster-client\lib\leader.js:74:23)
    at ontimeout (timers.js:498:11)
    at tryOnTimeout (timers.js:323:5)
    at Timer.listOnTimeout (timers.js:290:5)
name: "ClusterClientNoResponseError"
pid: 14784
hostname: LYU129PRI2

2018-11-27 19:08:31,743 ERROR 1728 [-/::1/-/6ms GET /getProductInfo?productId=3] nodejs.ER_BAD_FIELD_ERRORError: ER_BAD_FIELD_ERROR: Unknown column 'undefined' in 'where clause'
    at Query.Sequence._packetToError (C:\Users\linge l yu\Desktop\eg_shop_server\node_modules\mysql\lib\protocol\sequences\Sequence.js:47:14)
    at Query.ErrorPacket (C:\Users\linge l yu\Desktop\eg_shop_server\node_modules\mysql\lib\protocol\sequences\Query.js:77:18)
    at Protocol._parsePacket (C:\Users\linge l yu\Desktop\eg_shop_server\node_modules\mysql\lib\protocol\Protocol.js:278:23)
    at Parser.write (C:\Users\linge l yu\Desktop\eg_shop_server\node_modules\mysql\lib\protocol\Parser.js:76:12)
    at Protocol.write (C:\Users\linge l yu\Desktop\eg_shop_server\node_modules\mysql\lib\protocol\Protocol.js:38:16)
    at Socket.<anonymous> (C:\Users\linge l yu\Desktop\eg_shop_server\node_modules\mysql\lib\Connection.js:91:28)
    at Socket.<anonymous> (C:\Users\linge l yu\Desktop\eg_shop_server\node_modules\mysql\lib\Connection.js:502:10)
    at emitOne (events.js:116:13)
    at Socket.emit (events.js:211:7)
    at addChunk (_stream_readable.js:263:12)
    at readableAddChunk (_stream_readable.js:250:11)
    at Socket.Readable.push (_stream_readable.js:208:10)
    at TCP.onread (net.js:597:20)
    --------------------
    at Pool.query (C:\Users\linge l yu\Desktop\eg_shop_server\node_modules\mysql\lib\Pool.js:199:23)
    at C:\Users\linge l yu\Desktop\eg_shop_server\node_modules\ali-rds\node_modules\pify\index.js:29:7
    at new Promise (<anonymous>)
    at Pool.<anonymous> (C:\Users\linge l yu\Desktop\eg_shop_server\node_modules\ali-rds\node_modules\pify\index.js:12:10)
    at Pool.ret [as query] (C:\Users\linge l yu\Desktop\eg_shop_server\node_modules\ali-rds\node_modules\pify\index.js:56:34)
    at RDSClient.proto._query (C:\Users\linge l yu\Desktop\eg_shop_server\node_modules\ali-rds\lib\client.js:34:20)
    at RDSClient.proto.query (C:\Users\linge l yu\Desktop\eg_shop_server\node_modules\ali-rds\lib\operator.js:54:29)
    at proto.query.next (<anonymous>)
    at onFulfilled (C:\Users\linge l yu\Desktop\eg_shop_server\node_modules\co\index.js:65:19)
    at C:\Users\linge l yu\Desktop\eg_shop_server\node_modules\co\index.js:54:5
    at new Promise (<anonymous>)
    at RDSClient.co (C:\Users\linge l yu\Desktop\eg_shop_server\node_modules\co\index.js:50:10)
    at RDSClient.createPromise [as query] (C:\Users\linge l yu\Desktop\eg_shop_server\node_modules\co\index.js:30:15)
    at ProductService.getProductInfo (C:\Users\linge l yu\Desktop\eg_shop_server\app\service\product.js:79:41)
    at ProductController.getProductInfo (C:\Users\linge l yu\Desktop\eg_shop_server\app\controller\product.js:101:47)
    at Object.callFn (C:\Users\linge l yu\Desktop\eg_shop_server\node_modules\egg-core\lib\utils\index.js:36:21)
    sql: select * from product where id=undefined
code: "ER_BAD_FIELD_ERROR"
errno: 1054
sqlMessage: "Unknown column 'undefined' in 'where clause'"
sqlState: "42S22"
index: 0
sql: "select * from product where id=undefined"
headers: {"Access-Control-Allow-Origin":"*","Access-Control-Allow-Credentials":"true"}
name: "ER_BAD_FIELD_ERRORError"
pid: 1728
hostname: LYU129PRI2

